<?xml version="1.0" encoding="UTF-8"?>
<!-- Generated by org.testng.reporters.JUnitXMLReporter -->
<testsuite ignored="0" hostname="DESKTOP-JCJ8HOK" failures="0" tests="4" name="RegressionTest" time="75.188" errors="0" timestamp="07 Mar 2022 13:40:31 GMT">
  <testcase classname="project.RadioButton1" name="radioButtonTest" time="1.515"/>
  <testcase classname="project.TNG_001" name="amazon" time="9.244"/>
  <testcase classname="project.LinksTesting1" name="linktesting1" time="1.672"/>
  <testcase classname="project.CheckBox1" name="checkboxTest" time="0.201"/>
</testsuite> <!-- RegressionTest -->
