<?xml version="1.0" encoding="UTF-8"?>
<!-- Generated by org.testng.reporters.JUnitXMLReporter -->
<testsuite ignored="2" hostname="DESKTOP-JCJ8HOK" failures="0" tests="2" name="Test" time="38.719" errors="0" timestamp="23 Mar 2022 12:53:34 GMT">
  <testcase classname="project.RadioButton1" name="radioButtonTest" time="0.308"/>
  <testcase classname="project.CheckBox1" name="checkboxTest" time="1.1"/>
  <testcase classname="project.LinksTesting1" name="linktesting1" time="0.0">
    <ignored/>
  </testcase> <!-- linktesting1 -->
  <testcase classname="project.TNG_001" name="amazon" time="0.0">
    <ignored/>
  </testcase> <!-- amazon -->
</testsuite> <!-- Test -->
