<?xml version="1.0" encoding="UTF-8"?>
<!-- Generated by org.testng.reporters.JUnitXMLReporter -->
<testsuite ignored="0" hostname="DESKTOP-JCJ8HOK" failures="0" tests="6" name="Default test" time="0.241" errors="0" timestamp="20 Apr 2022 12:14:54 GMT">
  <testcase classname="testcases.NewTest" name="f" time="0.047"/>
  <testcase classname="testcases.NewTest" name="f" time="0.011"/>
  <testcase classname="testcases.NewTest" name="f" time="0.005"/>
  <testcase classname="testcases.NewTest" name="g" time="0.003"/>
  <testcase classname="testcases.NewTest" name="g" time="0.016"/>
  <testcase classname="testcases.NewTest" name="g" time="0.009"/>
</testsuite> <!-- Default test -->
