<?xml version="1.0" encoding="UTF-8"?>
<testng-results ignored="0" total="6" passed="6" failed="0" skipped="0">
  <reporter-output>
  </reporter-output>
  <suite started-at="2022-04-20T12:14:53Z" name="Default suite" finished-at="2022-04-20T12:14:54Z" duration-ms="241">
    <groups>
    </groups>
    <test started-at="2022-04-20T12:14:53Z" name="Default test" finished-at="2022-04-20T12:14:54Z" duration-ms="241">
      <class name="testcases.NewTest">
        <test-method signature="f(java.lang.Integer, java.lang.String)[pri:0, instance:testcases.NewTest@21b2e768]" started-at="2022-04-20T12:14:53Z" name="f" data-provider="dp" finished-at="2022-04-20T12:14:53Z" duration-ms="47" status="PASS">
          <params>
            <param index="0">
              <value>
                <![CDATA[10]]>
              </value>
            </param>
            <param index="1">
              <value>
                <![CDATA[ravi]]>
              </value>
            </param>
          </params>
          <reporter-output>
          </reporter-output>
        </test-method> <!-- f -->
        <test-method signature="f(java.lang.Integer, java.lang.String)[pri:0, instance:testcases.NewTest@21b2e768]" started-at="2022-04-20T12:14:53Z" name="f" data-provider="dp" finished-at="2022-04-20T12:14:53Z" duration-ms="11" status="PASS">
          <params>
            <param index="0">
              <value>
                <![CDATA[30]]>
              </value>
            </param>
            <param index="1">
              <value>
                <![CDATA[sai]]>
              </value>
            </param>
          </params>
          <reporter-output>
          </reporter-output>
        </test-method> <!-- f -->
        <test-method signature="f(java.lang.Integer, java.lang.String)[pri:0, instance:testcases.NewTest@21b2e768]" started-at="2022-04-20T12:14:53Z" name="f" data-provider="dp" finished-at="2022-04-20T12:14:53Z" duration-ms="5" status="PASS">
          <params>
            <param index="0">
              <value>
                <![CDATA[50]]>
              </value>
            </param>
            <param index="1">
              <value>
                <![CDATA[kiran]]>
              </value>
            </param>
          </params>
          <reporter-output>
          </reporter-output>
        </test-method> <!-- f -->
        <test-method signature="g(java.lang.Integer, java.lang.String)[pri:0, instance:testcases.NewTest@21b2e768]" started-at="2022-04-20T12:14:53Z" name="g" data-provider="dp" finished-at="2022-04-20T12:14:53Z" duration-ms="3" status="PASS">
          <params>
            <param index="0">
              <value>
                <![CDATA[10]]>
              </value>
            </param>
            <param index="1">
              <value>
                <![CDATA[ravi]]>
              </value>
            </param>
          </params>
          <reporter-output>
          </reporter-output>
        </test-method> <!-- g -->
        <test-method signature="g(java.lang.Integer, java.lang.String)[pri:0, instance:testcases.NewTest@21b2e768]" started-at="2022-04-20T12:14:53Z" name="g" data-provider="dp" finished-at="2022-04-20T12:14:53Z" duration-ms="16" status="PASS">
          <params>
            <param index="0">
              <value>
                <![CDATA[30]]>
              </value>
            </param>
            <param index="1">
              <value>
                <![CDATA[sai]]>
              </value>
            </param>
          </params>
          <reporter-output>
          </reporter-output>
        </test-method> <!-- g -->
        <test-method signature="g(java.lang.Integer, java.lang.String)[pri:0, instance:testcases.NewTest@21b2e768]" started-at="2022-04-20T12:14:54Z" name="g" data-provider="dp" finished-at="2022-04-20T12:14:54Z" duration-ms="9" status="PASS">
          <params>
            <param index="0">
              <value>
                <![CDATA[50]]>
              </value>
            </param>
            <param index="1">
              <value>
                <![CDATA[kiran]]>
              </value>
            </param>
          </params>
          <reporter-output>
          </reporter-output>
        </test-method> <!-- g -->
      </class> <!-- testcases.NewTest -->
    </test> <!-- Default test -->
  </suite> <!-- Default suite -->
</testng-results>
