<?xml version="1.0" encoding="UTF-8"?>
<!-- Generated by org.testng.reporters.JUnitXMLReporter -->
<testsuite ignored="1" hostname="DESKTOP-JCJ8HOK" failures="0" tests="2" name="Default test" time="0.097" errors="0" timestamp="04 Mar 2022 13:43:59 GMT">
  <testcase classname="project.NewTest2" name="f" time="0.01"/>
  <testcase classname="project.NewTest2" name="z" time="0.006"/>
  <testcase classname="project.NewTest2" name="a" time="0.0">
    <ignored/>
  </testcase> <!-- a -->
</testsuite> <!-- Default test -->
