<?xml version="1.0" encoding="UTF-8"?>
<testng-results ignored="0" total="6" passed="6" failed="0" skipped="0">
  <reporter-output>
  </reporter-output>
  <suite started-at="2022-06-02T12:31:17Z" name="Suite" finished-at="2022-06-02T12:32:41Z" duration-ms="84619">
    <groups>
    </groups>
    <test started-at="2022-06-02T12:31:17Z" name="Test" finished-at="2022-06-02T12:32:41Z" duration-ms="84619">
      <class name="com.grid.GridDemo">
        <test-method signature="test3()[pri:0, instance:com.grid.GridDemo@3541cb24]" started-at="2022-06-02T12:31:17Z" name="test3" finished-at="2022-06-02T12:32:12Z" duration-ms="55061" status="PASS">
          <reporter-output>
          </reporter-output>
        </test-method> <!-- test3 -->
        <test-method signature="test1()[pri:0, instance:com.grid.GridDemo@3541cb24]" started-at="2022-06-02T12:31:17Z" name="test1" finished-at="2022-06-02T12:32:13Z" duration-ms="56493" status="PASS">
          <reporter-output>
          </reporter-output>
        </test-method> <!-- test1 -->
        <test-method signature="test4()[pri:0, instance:com.grid.GridDemo@3541cb24]" started-at="2022-06-02T12:31:17Z" name="test4" finished-at="2022-06-02T12:32:41Z" duration-ms="84093" status="PASS">
          <reporter-output>
          </reporter-output>
        </test-method> <!-- test4 -->
        <test-method signature="test5()[pri:0, instance:com.grid.GridDemo@3541cb24]" started-at="2022-06-02T12:31:17Z" name="test5" finished-at="2022-06-02T12:32:41Z" duration-ms="84471" status="PASS">
          <reporter-output>
          </reporter-output>
        </test-method> <!-- test5 -->
        <test-method signature="test2()[pri:0, instance:com.grid.GridDemo@3541cb24]" started-at="2022-06-02T12:31:17Z" name="test2" finished-at="2022-06-02T12:32:12Z" duration-ms="55504" status="PASS">
          <reporter-output>
          </reporter-output>
        </test-method> <!-- test2 -->
        <test-method signature="test6()[pri:0, instance:com.grid.GridDemo@3541cb24]" started-at="2022-06-02T12:31:17Z" name="test6" finished-at="2022-06-02T12:32:12Z" duration-ms="55304" status="PASS">
          <reporter-output>
          </reporter-output>
        </test-method> <!-- test6 -->
      </class> <!-- com.grid.GridDemo -->
    </test> <!-- Test -->
  </suite> <!-- Suite -->
</testng-results>
