<?xml version="1.0" encoding="UTF-8"?>
<!-- Generated by org.testng.reporters.JUnitXMLReporter -->
<testsuite ignored="4" hostname="DESKTOP-JCJ8HOK" failures="0" tests="2" name="CreatePortifolioTest" time="8.86" errors="0" timestamp="13 Apr 2022 12:25:16 GMT">
  <testcase classname="testcases.Session" name="doLogin" time="8.75"/>
  <testcase classname="testcases.PortifolioManagement" name="createPortifolio" time="0.003"/>
  <testcase classname="testcases.PortifolioManagement" name="deletePortifolio" time="0.0">
    <ignored/>
  </testcase> <!-- deletePortifolio -->
  <testcase classname="testcases.BaseTest" name="@BeforeTest beforeTest" time="0.0">
    <ignored/>
  </testcase> <!-- @BeforeTest beforeTest -->
  <testcase classname="testcases.Session" name="doLogout" time="0.0">
    <ignored/>
  </testcase> <!-- doLogout -->
  <testcase classname="testcases.PortifolioManagement" name="modifyPortifolio" time="0.0">
    <ignored/>
  </testcase> <!-- modifyPortifolio -->
</testsuite> <!-- CreatePortifolioTest -->
