<?xml version="1.0" encoding="UTF-8"?>
<!-- Generated by org.testng.reporters.JUnitXMLReporter -->
<testsuite ignored="4" hostname="DESKTOP-JCJ8HOK" failures="0" tests="2" name="DeletePortifolioTest" time="0.034" errors="0" timestamp="12 Apr 2022 12:14:04 GMT">
  <testcase classname="testcases.Session" name="doLogin" time="0.008"/>
  <testcase classname="testcases.PortifolioManagement" name="deletePortifolio" time="0.004"/>
  <testcase classname="testcases.BaseTest" name="@BeforeTest beforeTest" time="0.0">
    <ignored/>
  </testcase> <!-- @BeforeTest beforeTest -->
  <testcase classname="testcases.Session" name="doLogout" time="0.0">
    <ignored/>
  </testcase> <!-- doLogout -->
  <testcase classname="testcases.PortifolioManagement" name="createPortifolio" time="0.0">
    <ignored/>
  </testcase> <!-- createPortifolio -->
  <testcase classname="testcases.PortifolioManagement" name="modifyPortifolio" time="0.0">
    <ignored/>
  </testcase> <!-- modifyPortifolio -->
</testsuite> <!-- DeletePortifolioTest -->
