<?xml version="1.0" encoding="UTF-8"?>
<!-- Generated by org.testng.reporters.JUnitXMLReporter -->
<testsuite ignored="1" hostname="DESKTOP-JCJ8HOK" failures="0" tests="7" name="Cretate Booking Test" time="0.193" errors="0" timestamp="25 Mar 2022 12:11:58 GMT">
  <testcase classname="testcasses.BookingSearch" name="searchHotel" time="0.022"/>
  <testcase classname="testcasses.BookingSearch" name="selectHotel" time="0.012"/>
  <testcase classname="testcasses.BookingSearch" name="enterGuestInfo" time="0.009"/>
  <testcase classname="testcasses.PaymentManager" name="applyDiscount" time="0.002"/>
  <testcase classname="testcasses.PaymentManager" name="makePayment" time="0.011"/>
  <testcase classname="testcasses.CustomerCommunications" name="checkEmailVerification" time="0.008"/>
  <testcase classname="testcasses.CustomerCommunications" name="checkMobileVerification" time="0.011"/>
  <testcase classname="testcasses.BookingSearch" name="loadBooking" time="0.0">
    <ignored/>
  </testcase> <!-- loadBooking -->
</testsuite> <!-- Cretate Booking Test -->
