<?xml version="1.0" encoding="UTF-8"?>
<!-- Generated by org.testng.reporters.JUnitXMLReporter -->
<testsuite ignored="2" hostname="DESKTOP-JCJ8HOK" failures="0" tests="6" name="Modify Existing Booking Test" time="0.083" errors="0" timestamp="25 Mar 2022 12:14:03 GMT">
  <testcase classname="testcasses.BookingSearch" name="loadBooking" time="0.004"/>
  <testcase classname="testcasses.BookingSearch" name="enterGuestInfo" time="0.011"/>
  <testcase classname="testcasses.PaymentManager" name="applyDiscount" time="0.002"/>
  <testcase classname="testcasses.PaymentManager" name="makePayment" time="0.007"/>
  <testcase classname="testcasses.CustomerCommunications" name="checkEmailVerification" time="0.003"/>
  <testcase classname="testcasses.CustomerCommunications" name="checkMobileVerification" time="0.003"/>
  <testcase classname="testcasses.BookingSearch" name="searchHotel" time="0.0">
    <ignored/>
  </testcase> <!-- searchHotel -->
  <testcase classname="testcasses.BookingSearch" name="selectHotel" time="0.0">
    <ignored/>
  </testcase> <!-- selectHotel -->
</testsuite> <!-- Modify Existing Booking Test -->
