<?xml version="1.0" encoding="UTF-8"?>
<!-- Generated by org.testng.reporters.JUnitXMLReporter -->
<testsuite ignored="0" hostname="DESKTOP-JCJ8HOK" failures="0" tests="8" name="Test" time="0.173" errors="0" timestamp="25 Mar 2022 12:05:38 GMT">
  <testcase classname="testcasses.BookingSearch" name="enterGuestInfo" time="0.03"/>
  <testcase classname="testcasses.BookingSearch" name="loadBooking" time="0.004"/>
  <testcase classname="testcasses.BookingSearch" name="searchHotel" time="0.008"/>
  <testcase classname="testcasses.BookingSearch" name="selectHotel" time="0.005"/>
  <testcase classname="testcasses.PaymentManager" name="applyDiscount" time="0.005"/>
  <testcase classname="testcasses.PaymentManager" name="makePayment" time="0.009"/>
  <testcase classname="testcasses.CustomerCommunications" name="checkEmailVerification" time="0.003"/>
  <testcase classname="testcasses.CustomerCommunications" name="checkMobileVerification" time="0.004"/>
</testsuite> <!-- Test -->
